<?xml version="1.0" encoding="UTF-8"?>
<testsuite xmlns:xsi="http://www.w3.org/2001/XMLSchema-instance" xsi:noNamespaceSchemaLocation="https://maven.apache.org/surefire/maven-surefire-plugin/xsd/surefire-test-report.xsd" name="comp3607project.JavaEvaluatorTest" time="0.015" tests="1" errors="1" skipped="0" failures="0">
  <properties>
[...]
</properties>
  <testcase name="testEvaluationProcess" classname="comp3607project.JavaEvaluatorTest" time="0">
    <error message="Cannot invoke &quot;java.nio.file.Path.resolve(String)&quot; because &quot;this.studentDirectory&quot; is null" type="java.lang.NullPointerException">java.lang.NullPointerException: Cannot invoke "java.nio.file.Path.resolve(String)" because "this.studentDirectory" is null
	at comp3607project.JavaEvaluatorTest.testEvaluationProcess(JavaEvaluatorTest.java:24)
</error>
  </testcase>
</testsuite>